<?xml version="1.0" encoding="UTF-8"?>
<!-- Generated by org.testng.reporters.JUnitXMLReporter -->
<testsuite hostname="BobITs-Mac-mini.fios-router.home" ignored="0" name="Surefire test" tests="5" failures="0" timestamp="29 Mar 2021 22:37:12 GMT" time="7.821" errors="0">
  <testcase name="testPageTitleTest" time="0.04" classname="com.webdrivertest.tests.LoginPageTest"/>
  <testcase name="testLoginValidCreds" time="0.268" classname="com.webdrivertest.tests.LoginPageTest"/>
  <testcase name="testLoginInvalidCreds" time="0.264" classname="com.webdrivertest.tests.LoginPageTest"/>
  <testcase name="testLoginInvalidCreds" time="0.257" classname="com.webdrivertest.tests.LoginPageTest"/>
  <testcase name="testLoginInvalidCreds" time="0.257" classname="com.webdrivertest.tests.LoginPageTest"/>
</testsuite> <!-- Surefire test -->
