<?xml version="1.0" encoding="UTF-8"?>
<!-- Generated by org.testng.reporters.JUnitXMLReporter -->
<testsuite hostname="BobITs-Mac-mini.fios-router.home" ignored="0" name="Test" tests="26" failures="0" timestamp="2021-03-27T23:18:58 EDT" time="45.645" errors="0">
  <testcase name="testDetectJSError" time="0.047" classname="com.webdrivertest.tests.JavaScriptErrorPageTest"/>
  <testcase name="testDownloadFile" time="5.052" classname="com.webdrivertest.tests.FileDownloadPageTest"/>
  <testcase name="testDragDropPage" time="0.312" classname="com.webdrivertest.tests.DragDropTest"/>
  <testcase name="testLoadNewText" time="5.156" classname="com.webdrivertest.tests.DynamicLoadingPageTest"/>
  <testcase name="testHoverToSeeUserInfo" time="0.379" classname="com.webdrivertest.tests.MouseHoverPageTest"/>
  <testcase name="testUploadFile" time="0.076" classname="com.webdrivertest.tests.FileUploadPageTest"/>
  <testcase name="testDynamicContent" time="0.339" classname="com.webdrivertest.tests.DynamicContentPageTest"/>
  <testcase name="testEnabledTextField" time="3.244" classname="com.webdrivertest.tests.DynamicControlPageTest"/>
  <testcase name="testRemoveCheckBox" time="0.078" classname="com.webdrivertest.tests.DynamicControlPageTest"/>
  <testcase name="testUnCheckedBox" time="0.015" classname="com.webdrivertest.tests.CheckBoxTest"/>
  <testcase name="testCheckedBox" time="0.017" classname="com.webdrivertest.tests.CheckBoxTest"/>
  <testcase name="testJSalert" time="0.058" classname="com.webdrivertest.tests.JavaScriptAlertPageTest"/>
  <testcase name="testJSConfirm" time="0.057" classname="com.webdrivertest.tests.JavaScriptAlertPageTest"/>
  <testcase name="testJSPrompt" time="0.064" classname="com.webdrivertest.tests.JavaScriptAlertPageTest"/>
  <testcase name="secondFirstOption" time="0.065" classname="com.webdrivertest.tests.DropDownPageTest"/>
  <testcase name="testFirstOption" time="0.06" classname="com.webdrivertest.tests.DropDownPageTest"/>
  <testcase name="testContextPage" time="0.154" classname="com.webdrivertest.tests.ContextMenuPageTest"/>
  <testcase name="testOpenNewTab" time="0.127" classname="com.webdrivertest.tests.OpenNewTabPageTest"/>
  <testcase name="testScrollAndCheckMenuFloating" time="0.021" classname="com.webdrivertest.tests.FloatingMenuPageTest"/>
  <testcase name="testNotification" time="0.158" classname="com.webdrivertest.tests.NotificationMessageRenderedPageTest"/>
  <testcase name="testPageTitleTest" time="0.006" classname="com.webdrivertest.tests.LoginPageTest"/>
  <testcase name="testLoginValidCreds" time="0.249" classname="com.webdrivertest.tests.LoginPageTest"/>
  <testcase name="testLoginInvalidCreds" time="0.25" classname="com.webdrivertest.tests.LoginPageTest"/>
  <testcase name="testLoginInvalidCreds" time="0.244" classname="com.webdrivertest.tests.LoginPageTest"/>
  <testcase name="testLoginInvalidCreds" time="0.237" classname="com.webdrivertest.tests.LoginPageTest"/>
  <testcase name="testInputTextToIframe" time="0.187" classname="com.webdrivertest.tests.IFramePageTest"/>
</testsuite> <!-- Test -->
