<?xml version="1.0" encoding="UTF-8"?>
<testng-results skipped="0" failed="0" ignored="0" total="26" passed="26">
  <reporter-output>
  </reporter-output>
  <suite name="Suite" duration-ms="45645" started-at="2021-03-27T23:18:13 EDT" finished-at="2021-03-27T23:18:58 EDT">
    <groups>
    </groups>
    <test name="Test" duration-ms="45645" started-at="2021-03-27T23:18:13 EDT" finished-at="2021-03-27T23:18:58 EDT">
      <class name="com.webdrivertest.tests.CheckBoxTest">
        <test-method status="PASS" signature="setUp()[pri:0, instance:com.webdrivertest.tests.CheckBoxTest@1d4664d7]" name="setUp" is-config="true" duration-ms="879" started-at="2021-03-27T23:18:38 EDT" finished-at="2021-03-27T23:18:38 EDT">
          <reporter-output>
          </reporter-output>
        </test-method> <!-- setUp -->
        <test-method status="PASS" signature="testUnCheckedBox()[pri:1, instance:com.webdrivertest.tests.CheckBoxTest@1d4664d7]" name="testUnCheckedBox" duration-ms="15" started-at="2021-03-27T23:18:38 EDT" description="un-checked box test" finished-at="2021-03-27T23:18:38 EDT">
          <reporter-output>
          </reporter-output>
        </test-method> <!-- testUnCheckedBox -->
        <test-method status="PASS" signature="tearDown()[pri:0, instance:com.webdrivertest.tests.CheckBoxTest@1d4664d7]" name="tearDown" is-config="true" duration-ms="71" started-at="2021-03-27T23:18:38 EDT" finished-at="2021-03-27T23:18:39 EDT">
          <reporter-output>
          </reporter-output>
        </test-method> <!-- tearDown -->
        <test-method status="PASS" signature="setUp()[pri:0, instance:com.webdrivertest.tests.CheckBoxTest@1d4664d7]" name="setUp" is-config="true" duration-ms="886" started-at="2021-03-27T23:18:39 EDT" finished-at="2021-03-27T23:18:39 EDT">
          <reporter-output>
          </reporter-output>
        </test-method> <!-- setUp -->
        <test-method status="PASS" signature="testCheckedBox()[pri:2, instance:com.webdrivertest.tests.CheckBoxTest@1d4664d7]" name="testCheckedBox" duration-ms="17" started-at="2021-03-27T23:18:39 EDT" description="checked box test" finished-at="2021-03-27T23:18:39 EDT">
          <reporter-output>
          </reporter-output>
        </test-method> <!-- testCheckedBox -->
        <test-method status="PASS" signature="tearDown()[pri:0, instance:com.webdrivertest.tests.CheckBoxTest@1d4664d7]" name="tearDown" is-config="true" duration-ms="73" started-at="2021-03-27T23:18:39 EDT" finished-at="2021-03-27T23:18:39 EDT">
          <reporter-output>
          </reporter-output>
        </test-method> <!-- tearDown -->
      </class> <!-- com.webdrivertest.tests.CheckBoxTest -->
      <class name="com.webdrivertest.tests.ContextMenuPageTest">
        <test-method status="PASS" signature="setUp()[pri:0, instance:com.webdrivertest.tests.ContextMenuPageTest@458544e0]" name="setUp" is-config="true" duration-ms="980" started-at="2021-03-27T23:18:45 EDT" finished-at="2021-03-27T23:18:46 EDT">
          <reporter-output>
          </reporter-output>
        </test-method> <!-- setUp -->
        <test-method status="PASS" signature="testContextPage()[pri:1, instance:com.webdrivertest.tests.ContextMenuPageTest@458544e0]" name="testContextPage" duration-ms="154" started-at="2021-03-27T23:18:46 EDT" description="alert handle test" finished-at="2021-03-27T23:18:46 EDT">
          <reporter-output>
          </reporter-output>
        </test-method> <!-- testContextPage -->
        <test-method status="PASS" signature="tearDown()[pri:0, instance:com.webdrivertest.tests.ContextMenuPageTest@458544e0]" name="tearDown" is-config="true" duration-ms="71" started-at="2021-03-27T23:18:46 EDT" finished-at="2021-03-27T23:18:46 EDT">
          <reporter-output>
          </reporter-output>
        </test-method> <!-- tearDown -->
      </class> <!-- com.webdrivertest.tests.ContextMenuPageTest -->
      <class name="com.webdrivertest.tests.DropDownPageTest">
        <test-method status="PASS" signature="setUp()[pri:0, instance:com.webdrivertest.tests.DropDownPageTest@56ccd751]" name="setUp" is-config="true" duration-ms="1079" started-at="2021-03-27T23:18:43 EDT" finished-at="2021-03-27T23:18:44 EDT">
          <reporter-output>
          </reporter-output>
        </test-method> <!-- setUp -->
        <test-method status="PASS" signature="secondFirstOption()[pri:1, instance:com.webdrivertest.tests.DropDownPageTest@56ccd751]" name="secondFirstOption" duration-ms="65" started-at="2021-03-27T23:18:44 EDT" description="drap down Option 2 test" finished-at="2021-03-27T23:18:44 EDT">
          <reporter-output>
          </reporter-output>
        </test-method> <!-- secondFirstOption -->
        <test-method status="PASS" signature="tearDown()[pri:0, instance:com.webdrivertest.tests.DropDownPageTest@56ccd751]" name="tearDown" is-config="true" duration-ms="75" started-at="2021-03-27T23:18:44 EDT" finished-at="2021-03-27T23:18:44 EDT">
          <reporter-output>
          </reporter-output>
        </test-method> <!-- tearDown -->
        <test-method status="PASS" signature="setUp()[pri:0, instance:com.webdrivertest.tests.DropDownPageTest@56ccd751]" name="setUp" is-config="true" duration-ms="871" started-at="2021-03-27T23:18:44 EDT" finished-at="2021-03-27T23:18:45 EDT">
          <reporter-output>
          </reporter-output>
        </test-method> <!-- setUp -->
        <test-method status="PASS" signature="testFirstOption()[pri:1, instance:com.webdrivertest.tests.DropDownPageTest@56ccd751]" name="testFirstOption" duration-ms="60" started-at="2021-03-27T23:18:45 EDT" description="drap down Option 1 test" finished-at="2021-03-27T23:18:45 EDT">
          <reporter-output>
          </reporter-output>
        </test-method> <!-- testFirstOption -->
        <test-method status="PASS" signature="tearDown()[pri:0, instance:com.webdrivertest.tests.DropDownPageTest@56ccd751]" name="tearDown" is-config="true" duration-ms="73" started-at="2021-03-27T23:18:45 EDT" finished-at="2021-03-27T23:18:45 EDT">
          <reporter-output>
          </reporter-output>
        </test-method> <!-- tearDown -->
      </class> <!-- com.webdrivertest.tests.DropDownPageTest -->
      <class name="com.webdrivertest.tests.DragDropTest">
        <test-method status="PASS" signature="setUp()[pri:0, instance:com.webdrivertest.tests.DragDropTest@6f099cef]" name="setUp" is-config="true" duration-ms="941" started-at="2021-03-27T23:18:21 EDT" finished-at="2021-03-27T23:18:22 EDT">
          <reporter-output>
          </reporter-output>
        </test-method> <!-- setUp -->
        <test-method status="PASS" signature="testDragDropPage()[pri:1, instance:com.webdrivertest.tests.DragDropTest@6f099cef]" name="testDragDropPage" duration-ms="312" started-at="2021-03-27T23:18:22 EDT" description="drag and drop page test" finished-at="2021-03-27T23:18:22 EDT">
          <reporter-output>
          </reporter-output>
        </test-method> <!-- testDragDropPage -->
        <test-method status="PASS" signature="tearDown()[pri:0, instance:com.webdrivertest.tests.DragDropTest@6f099cef]" name="tearDown" is-config="true" duration-ms="75" started-at="2021-03-27T23:18:22 EDT" finished-at="2021-03-27T23:18:22 EDT">
          <reporter-output>
          </reporter-output>
        </test-method> <!-- tearDown -->
      </class> <!-- com.webdrivertest.tests.DragDropTest -->
      <class name="com.webdrivertest.tests.DynamicLoadingPageTest">
        <test-method status="PASS" signature="setUp()[pri:0, instance:com.webdrivertest.tests.DynamicLoadingPageTest@afb5821]" name="setUp" is-config="true" duration-ms="955" started-at="2021-03-27T23:18:22 EDT" finished-at="2021-03-27T23:18:23 EDT">
          <reporter-output>
          </reporter-output>
        </test-method> <!-- setUp -->
        <test-method status="PASS" signature="testLoadNewText()[pri:1, instance:com.webdrivertest.tests.DynamicLoadingPageTest@afb5821]" name="testLoadNewText" duration-ms="5156" started-at="2021-03-27T23:18:23 EDT" description="testLoadNewText" finished-at="2021-03-27T23:18:28 EDT">
          <reporter-output>
          </reporter-output>
        </test-method> <!-- testLoadNewText -->
        <test-method status="PASS" signature="tearDown()[pri:0, instance:com.webdrivertest.tests.DynamicLoadingPageTest@afb5821]" name="tearDown" is-config="true" duration-ms="75" started-at="2021-03-27T23:18:28 EDT" finished-at="2021-03-27T23:18:28 EDT">
          <reporter-output>
          </reporter-output>
        </test-method> <!-- tearDown -->
      </class> <!-- com.webdrivertest.tests.DynamicLoadingPageTest -->
      <class name="com.webdrivertest.tests.FloatingMenuPageTest">
        <test-method status="PASS" signature="setUp()[pri:0, instance:com.webdrivertest.tests.FloatingMenuPageTest@2d66530f]" name="setUp" is-config="true" duration-ms="907" started-at="2021-03-27T23:18:47 EDT" finished-at="2021-03-27T23:18:48 EDT">
          <reporter-output>
          </reporter-output>
        </test-method> <!-- setUp -->
        <test-method status="PASS" signature="testScrollAndCheckMenuFloating()[pri:1, instance:com.webdrivertest.tests.FloatingMenuPageTest@2d66530f]" name="testScrollAndCheckMenuFloating" duration-ms="21" started-at="2021-03-27T23:18:48 EDT" description="testScrollAndCheckMenuFloating" finished-at="2021-03-27T23:18:48 EDT">
          <reporter-output>
          </reporter-output>
        </test-method> <!-- testScrollAndCheckMenuFloating -->
        <test-method status="PASS" signature="tearDown()[pri:0, instance:com.webdrivertest.tests.FloatingMenuPageTest@2d66530f]" name="tearDown" is-config="true" duration-ms="72" started-at="2021-03-27T23:18:48 EDT" finished-at="2021-03-27T23:18:48 EDT">
          <reporter-output>
          </reporter-output>
        </test-method> <!-- tearDown -->
      </class> <!-- com.webdrivertest.tests.FloatingMenuPageTest -->
      <class name="com.webdrivertest.tests.NotificationMessageRenderedPageTest">
        <test-method status="PASS" signature="setUp()[pri:0, instance:com.webdrivertest.tests.NotificationMessageRenderedPageTest@1d207fad]" name="setUp" is-config="true" duration-ms="919" started-at="2021-03-27T23:18:48 EDT" finished-at="2021-03-27T23:18:49 EDT">
          <reporter-output>
          </reporter-output>
        </test-method> <!-- setUp -->
        <test-method status="PASS" signature="testNotification()[pri:1, instance:com.webdrivertest.tests.NotificationMessageRenderedPageTest@1d207fad]" name="testNotification" duration-ms="158" started-at="2021-03-27T23:18:49 EDT" description="Test notification Message." finished-at="2021-03-27T23:18:49 EDT">
          <reporter-output>
          </reporter-output>
        </test-method> <!-- testNotification -->
        <test-method status="PASS" signature="tearDown()[pri:0, instance:com.webdrivertest.tests.NotificationMessageRenderedPageTest@1d207fad]" name="tearDown" is-config="true" duration-ms="73" started-at="2021-03-27T23:18:49 EDT" finished-at="2021-03-27T23:18:49 EDT">
          <reporter-output>
          </reporter-output>
        </test-method> <!-- tearDown -->
      </class> <!-- com.webdrivertest.tests.NotificationMessageRenderedPageTest -->
      <class name="com.webdrivertest.tests.FileDownloadPageTest">
        <test-method status="PASS" signature="setUp()[pri:0, instance:com.webdrivertest.tests.FileDownloadPageTest@247667dd]" name="setUp" is-config="true" duration-ms="953" started-at="2021-03-27T23:18:15 EDT" finished-at="2021-03-27T23:18:16 EDT">
          <reporter-output>
          </reporter-output>
        </test-method> <!-- setUp -->
        <test-method status="PASS" signature="testDownloadFile()[pri:1, instance:com.webdrivertest.tests.FileDownloadPageTest@247667dd]" name="testDownloadFile" duration-ms="5052" started-at="2021-03-27T23:18:16 EDT" description="testDownloadFile" finished-at="2021-03-27T23:18:21 EDT">
          <reporter-output>
          </reporter-output>
        </test-method> <!-- testDownloadFile -->
        <test-method status="PASS" signature="tearDown()[pri:0, instance:com.webdrivertest.tests.FileDownloadPageTest@247667dd]" name="tearDown" is-config="true" duration-ms="78" started-at="2021-03-27T23:18:21 EDT" finished-at="2021-03-27T23:18:21 EDT">
          <reporter-output>
          </reporter-output>
        </test-method> <!-- tearDown -->
      </class> <!-- com.webdrivertest.tests.FileDownloadPageTest -->
      <class name="com.webdrivertest.tests.LoginPageTest">
        <test-method status="PASS" signature="setUp()[pri:0, instance:com.webdrivertest.tests.LoginPageTest@72ed9aad]" name="setUp" is-config="true" duration-ms="923" started-at="2021-03-27T23:18:49 EDT" finished-at="2021-03-27T23:18:50 EDT">
          <reporter-output>
          </reporter-output>
        </test-method> <!-- setUp -->
        <test-method status="PASS" signature="testPageTitleTest()[pri:1, instance:com.webdrivertest.tests.LoginPageTest@72ed9aad]" name="testPageTitleTest" duration-ms="6" started-at="2021-03-27T23:18:50 EDT" description="get page title method" finished-at="2021-03-27T23:18:50 EDT">
          <reporter-output>
          </reporter-output>
        </test-method> <!-- testPageTitleTest -->
        <test-method status="PASS" signature="tearDown()[pri:0, instance:com.webdrivertest.tests.LoginPageTest@72ed9aad]" name="tearDown" is-config="true" duration-ms="72" started-at="2021-03-27T23:18:50 EDT" finished-at="2021-03-27T23:18:50 EDT">
          <reporter-output>
          </reporter-output>
        </test-method> <!-- tearDown -->
        <test-method status="PASS" signature="setUp()[pri:0, instance:com.webdrivertest.tests.LoginPageTest@72ed9aad]" name="setUp" is-config="true" duration-ms="997" started-at="2021-03-27T23:18:50 EDT" finished-at="2021-03-27T23:18:51 EDT">
          <reporter-output>
          </reporter-output>
        </test-method> <!-- setUp -->
        <test-method status="PASS" signature="testLoginValidCreds()[pri:2, instance:com.webdrivertest.tests.LoginPageTest@72ed9aad]" name="testLoginValidCreds" duration-ms="249" started-at="2021-03-27T23:18:51 EDT" description="valid username and password login" finished-at="2021-03-27T23:18:52 EDT">
          <reporter-output>
          </reporter-output>
        </test-method> <!-- testLoginValidCreds -->
        <test-method status="PASS" signature="tearDown()[pri:0, instance:com.webdrivertest.tests.LoginPageTest@72ed9aad]" name="tearDown" is-config="true" duration-ms="74" started-at="2021-03-27T23:18:52 EDT" finished-at="2021-03-27T23:18:52 EDT">
          <reporter-output>
          </reporter-output>
        </test-method> <!-- tearDown -->
        <test-method status="PASS" signature="setUp()[pri:0, instance:com.webdrivertest.tests.LoginPageTest@72ed9aad]" name="setUp" is-config="true" duration-ms="1034" started-at="2021-03-27T23:18:52 EDT" finished-at="2021-03-27T23:18:53 EDT">
          <reporter-output>
          </reporter-output>
        </test-method> <!-- setUp -->
        <test-method status="PASS" signature="testLoginInvalidCreds(java.lang.String, java.lang.String)[pri:3, instance:com.webdrivertest.tests.LoginPageTest@72ed9aad]" name="testLoginInvalidCreds" duration-ms="250" started-at="2021-03-27T23:18:53 EDT" description="invalid username and password login" data-provider="getLoginInvalidData" finished-at="2021-03-27T23:18:53 EDT">
          <params>
            <param index="0">
              <value>
                <![CDATA[bill@gmail.com]]>
              </value>
            </param>
            <param index="1">
              <value>
                <![CDATA[test12345]]>
              </value>
            </param>
          </params>
          <reporter-output>
          </reporter-output>
        </test-method> <!-- testLoginInvalidCreds -->
        <test-method status="PASS" signature="tearDown()[pri:0, instance:com.webdrivertest.tests.LoginPageTest@72ed9aad]" name="tearDown" is-config="true" duration-ms="73" started-at="2021-03-27T23:18:53 EDT" finished-at="2021-03-27T23:18:54 EDT">
          <reporter-output>
          </reporter-output>
        </test-method> <!-- tearDown -->
        <test-method status="PASS" signature="setUp()[pri:0, instance:com.webdrivertest.tests.LoginPageTest@72ed9aad]" name="setUp" is-config="true" duration-ms="959" started-at="2021-03-27T23:18:54 EDT" finished-at="2021-03-27T23:18:55 EDT">
          <reporter-output>
          </reporter-output>
        </test-method> <!-- setUp -->
        <test-method status="PASS" signature="testLoginInvalidCreds(java.lang.String, java.lang.String)[pri:3, instance:com.webdrivertest.tests.LoginPageTest@72ed9aad]" name="testLoginInvalidCreds" duration-ms="244" started-at="2021-03-27T23:18:55 EDT" description="invalid username and password login" data-provider="getLoginInvalidData" finished-at="2021-03-27T23:18:55 EDT">
          <params>
            <param index="0">
              <value>
                <![CDATA[jimy@gmail.com]]>
              </value>
            </param>
            <param index="1">
              <value>
                <![CDATA[panda]]>
              </value>
            </param>
          </params>
          <reporter-output>
          </reporter-output>
        </test-method> <!-- testLoginInvalidCreds -->
        <test-method status="PASS" signature="tearDown()[pri:0, instance:com.webdrivertest.tests.LoginPageTest@72ed9aad]" name="tearDown" is-config="true" duration-ms="75" started-at="2021-03-27T23:18:55 EDT" finished-at="2021-03-27T23:18:55 EDT">
          <reporter-output>
          </reporter-output>
        </test-method> <!-- tearDown -->
        <test-method status="PASS" signature="setUp()[pri:0, instance:com.webdrivertest.tests.LoginPageTest@72ed9aad]" name="setUp" is-config="true" duration-ms="936" started-at="2021-03-27T23:18:55 EDT" finished-at="2021-03-27T23:18:56 EDT">
          <reporter-output>
          </reporter-output>
        </test-method> <!-- setUp -->
        <test-method status="PASS" signature="testLoginInvalidCreds(java.lang.String, java.lang.String)[pri:3, instance:com.webdrivertest.tests.LoginPageTest@72ed9aad]" name="testLoginInvalidCreds" duration-ms="237" started-at="2021-03-27T23:18:56 EDT" description="invalid username and password login" data-provider="getLoginInvalidData" finished-at="2021-03-27T23:18:56 EDT">
          <params>
            <param index="0">
              <value>
                <![CDATA[yummy]]>
              </value>
            </param>
            <param index="1">
              <value>
                <![CDATA[yummy]]>
              </value>
            </param>
          </params>
          <reporter-output>
          </reporter-output>
        </test-method> <!-- testLoginInvalidCreds -->
        <test-method status="PASS" signature="tearDown()[pri:0, instance:com.webdrivertest.tests.LoginPageTest@72ed9aad]" name="tearDown" is-config="true" duration-ms="75" started-at="2021-03-27T23:18:56 EDT" finished-at="2021-03-27T23:18:56 EDT">
          <reporter-output>
          </reporter-output>
        </test-method> <!-- tearDown -->
      </class> <!-- com.webdrivertest.tests.LoginPageTest -->
      <class name="com.webdrivertest.tests.OpenNewTabPageTest">
        <test-method status="PASS" signature="setUp()[pri:0, instance:com.webdrivertest.tests.OpenNewTabPageTest@6bcbf05b]" name="setUp" is-config="true" duration-ms="904" started-at="2021-03-27T23:18:46 EDT" finished-at="2021-03-27T23:18:47 EDT">
          <reporter-output>
          </reporter-output>
        </test-method> <!-- setUp -->
        <test-method status="PASS" signature="testOpenNewTab()[pri:1, instance:com.webdrivertest.tests.OpenNewTabPageTest@6bcbf05b]" name="testOpenNewTab" duration-ms="127" started-at="2021-03-27T23:18:47 EDT" description="new window handling" finished-at="2021-03-27T23:18:47 EDT">
          <reporter-output>
          </reporter-output>
        </test-method> <!-- testOpenNewTab -->
        <test-method status="PASS" signature="tearDown()[pri:0, instance:com.webdrivertest.tests.OpenNewTabPageTest@6bcbf05b]" name="tearDown" is-config="true" duration-ms="73" started-at="2021-03-27T23:18:47 EDT" finished-at="2021-03-27T23:18:47 EDT">
          <reporter-output>
          </reporter-output>
        </test-method> <!-- tearDown -->
      </class> <!-- com.webdrivertest.tests.OpenNewTabPageTest -->
      <class name="com.webdrivertest.tests.IFramePageTest">
        <test-method status="PASS" signature="setUp()[pri:0, instance:com.webdrivertest.tests.IFramePageTest@4690f583]" name="setUp" is-config="true" duration-ms="2098" started-at="2021-03-27T23:18:56 EDT" finished-at="2021-03-27T23:18:58 EDT">
          <reporter-output>
          </reporter-output>
        </test-method> <!-- setUp -->
        <test-method status="PASS" signature="testInputTextToIframe()[pri:1, instance:com.webdrivertest.tests.IFramePageTest@4690f583]" name="testInputTextToIframe" duration-ms="187" started-at="2021-03-27T23:18:58 EDT" description="iFrame test" finished-at="2021-03-27T23:18:58 EDT">
          <reporter-output>
          </reporter-output>
        </test-method> <!-- testInputTextToIframe -->
        <test-method status="PASS" signature="tearDown()[pri:0, instance:com.webdrivertest.tests.IFramePageTest@4690f583]" name="tearDown" is-config="true" duration-ms="73" started-at="2021-03-27T23:18:58 EDT" finished-at="2021-03-27T23:18:58 EDT">
          <reporter-output>
          </reporter-output>
        </test-method> <!-- tearDown -->
      </class> <!-- com.webdrivertest.tests.IFramePageTest -->
      <class name="com.webdrivertest.tests.JavaScriptErrorPageTest">
        <test-method status="PASS" signature="setUp()[pri:0, instance:com.webdrivertest.tests.JavaScriptErrorPageTest@1dab9dd6]" name="setUp" is-config="true" duration-ms="1555" started-at="2021-03-27T23:18:13 EDT" finished-at="2021-03-27T23:18:14 EDT">
          <reporter-output>
          </reporter-output>
        </test-method> <!-- setUp -->
        <test-method status="PASS" signature="testDetectJSError()[pri:1, instance:com.webdrivertest.tests.JavaScriptErrorPageTest@1dab9dd6]" name="testDetectJSError" duration-ms="47" started-at="2021-03-27T23:18:14 EDT" description="expected JS error" finished-at="2021-03-27T23:18:15 EDT">
          <reporter-output>
          </reporter-output>
        </test-method> <!-- testDetectJSError -->
        <test-method status="PASS" signature="tearDown()[pri:0, instance:com.webdrivertest.tests.JavaScriptErrorPageTest@1dab9dd6]" name="tearDown" is-config="true" duration-ms="74" started-at="2021-03-27T23:18:15 EDT" finished-at="2021-03-27T23:18:15 EDT">
          <reporter-output>
          </reporter-output>
        </test-method> <!-- tearDown -->
      </class> <!-- com.webdrivertest.tests.JavaScriptErrorPageTest -->
      <class name="com.webdrivertest.tests.MouseHoverPageTest">
        <test-method status="PASS" signature="setUp()[pri:0, instance:com.webdrivertest.tests.MouseHoverPageTest@4bff2185]" name="setUp" is-config="true" duration-ms="920" started-at="2021-03-27T23:18:28 EDT" finished-at="2021-03-27T23:18:29 EDT">
          <reporter-output>
          </reporter-output>
        </test-method> <!-- setUp -->
        <test-method status="PASS" signature="testHoverToSeeUserInfo()[pri:1, instance:com.webdrivertest.tests.MouseHoverPageTest@4bff2185]" name="testHoverToSeeUserInfo" duration-ms="379" started-at="2021-03-27T23:18:29 EDT" description="mouse hover" finished-at="2021-03-27T23:18:30 EDT">
          <reporter-output>
          </reporter-output>
        </test-method> <!-- testHoverToSeeUserInfo -->
        <test-method status="PASS" signature="tearDown()[pri:0, instance:com.webdrivertest.tests.MouseHoverPageTest@4bff2185]" name="tearDown" is-config="true" duration-ms="72" started-at="2021-03-27T23:18:30 EDT" finished-at="2021-03-27T23:18:30 EDT">
          <reporter-output>
          </reporter-output>
        </test-method> <!-- tearDown -->
      </class> <!-- com.webdrivertest.tests.MouseHoverPageTest -->
      <class name="com.webdrivertest.tests.DynamicContentPageTest">
        <test-method status="PASS" signature="setUp()[pri:0, instance:com.webdrivertest.tests.DynamicContentPageTest@7fedfe27]" name="setUp" is-config="true" duration-ms="1047" started-at="2021-03-27T23:18:31 EDT" finished-at="2021-03-27T23:18:32 EDT">
          <reporter-output>
          </reporter-output>
        </test-method> <!-- setUp -->
        <test-method status="PASS" signature="testDynamicContent()[pri:1, instance:com.webdrivertest.tests.DynamicContentPageTest@7fedfe27]" name="testDynamicContent" duration-ms="339" started-at="2021-03-27T23:18:32 EDT" description="Test content changes with page reload." finished-at="2021-03-27T23:18:32 EDT">
          <reporter-output>
          </reporter-output>
        </test-method> <!-- testDynamicContent -->
        <test-method status="PASS" signature="tearDown()[pri:0, instance:com.webdrivertest.tests.DynamicContentPageTest@7fedfe27]" name="tearDown" is-config="true" duration-ms="74" started-at="2021-03-27T23:18:32 EDT" finished-at="2021-03-27T23:18:32 EDT">
          <reporter-output>
          </reporter-output>
        </test-method> <!-- tearDown -->
      </class> <!-- com.webdrivertest.tests.DynamicContentPageTest -->
      <class name="com.webdrivertest.tests.FileUploadPageTest">
        <test-method status="PASS" signature="setUp()[pri:0, instance:com.webdrivertest.tests.FileUploadPageTest@5c20ffa8]" name="setUp" is-config="true" duration-ms="983" started-at="2021-03-27T23:18:30 EDT" finished-at="2021-03-27T23:18:31 EDT">
          <reporter-output>
          </reporter-output>
        </test-method> <!-- setUp -->
        <test-method status="PASS" signature="testUploadFile()[pri:1, instance:com.webdrivertest.tests.FileUploadPageTest@5c20ffa8]" name="testUploadFile" duration-ms="76" started-at="2021-03-27T23:18:31 EDT" description="testUploadFile" finished-at="2021-03-27T23:18:31 EDT">
          <reporter-output>
          </reporter-output>
        </test-method> <!-- testUploadFile -->
        <test-method status="PASS" signature="tearDown()[pri:0, instance:com.webdrivertest.tests.FileUploadPageTest@5c20ffa8]" name="tearDown" is-config="true" duration-ms="72" started-at="2021-03-27T23:18:31 EDT" finished-at="2021-03-27T23:18:31 EDT">
          <reporter-output>
          </reporter-output>
        </test-method> <!-- tearDown -->
      </class> <!-- com.webdrivertest.tests.FileUploadPageTest -->
      <class name="com.webdrivertest.tests.DynamicControlPageTest">
        <test-method status="PASS" signature="setUp()[pri:0, instance:com.webdrivertest.tests.DynamicControlPageTest@2f879bab]" name="setUp" is-config="true" duration-ms="929" started-at="2021-03-27T23:18:32 EDT" finished-at="2021-03-27T23:18:33 EDT">
          <reporter-output>
          </reporter-output>
        </test-method> <!-- setUp -->
        <test-method status="PASS" signature="testEnabledTextField()[pri:1, instance:com.webdrivertest.tests.DynamicControlPageTest@2f879bab]" name="testEnabledTextField" duration-ms="3244" started-at="2021-03-27T23:18:33 EDT" description="testEnabledTextField" finished-at="2021-03-27T23:18:36 EDT">
          <reporter-output>
          </reporter-output>
        </test-method> <!-- testEnabledTextField -->
        <test-method status="PASS" signature="tearDown()[pri:0, instance:com.webdrivertest.tests.DynamicControlPageTest@2f879bab]" name="tearDown" is-config="true" duration-ms="75" started-at="2021-03-27T23:18:36 EDT" finished-at="2021-03-27T23:18:36 EDT">
          <reporter-output>
          </reporter-output>
        </test-method> <!-- tearDown -->
        <test-method status="PASS" signature="setUp()[pri:0, instance:com.webdrivertest.tests.DynamicControlPageTest@2f879bab]" name="setUp" is-config="true" duration-ms="969" started-at="2021-03-27T23:18:36 EDT" finished-at="2021-03-27T23:18:37 EDT">
          <reporter-output>
          </reporter-output>
        </test-method> <!-- setUp -->
        <test-method status="PASS" signature="testRemoveCheckBox()[pri:2, instance:com.webdrivertest.tests.DynamicControlPageTest@2f879bab]" name="testRemoveCheckBox" duration-ms="78" started-at="2021-03-27T23:18:37 EDT" description="testRemoveCheckBox" finished-at="2021-03-27T23:18:37 EDT">
          <reporter-output>
          </reporter-output>
        </test-method> <!-- testRemoveCheckBox -->
        <test-method status="PASS" signature="tearDown()[pri:0, instance:com.webdrivertest.tests.DynamicControlPageTest@2f879bab]" name="tearDown" is-config="true" duration-ms="71" started-at="2021-03-27T23:18:37 EDT" finished-at="2021-03-27T23:18:38 EDT">
          <reporter-output>
          </reporter-output>
        </test-method> <!-- tearDown -->
      </class> <!-- com.webdrivertest.tests.DynamicControlPageTest -->
      <class name="com.webdrivertest.tests.JavaScriptAlertPageTest">
        <test-method status="PASS" signature="setUp()[pri:0, instance:com.webdrivertest.tests.JavaScriptAlertPageTest@46c00568]" name="setUp" is-config="true" duration-ms="909" started-at="2021-03-27T23:18:39 EDT" finished-at="2021-03-27T23:18:40 EDT">
          <reporter-output>
          </reporter-output>
        </test-method> <!-- setUp -->
        <test-method status="PASS" signature="testJSalert()[pri:1, instance:com.webdrivertest.tests.JavaScriptAlertPageTest@46c00568]" name="testJSalert" duration-ms="58" started-at="2021-03-27T23:18:40 EDT" description="JS Alert Accept" finished-at="2021-03-27T23:18:40 EDT">
          <reporter-output>
          </reporter-output>
        </test-method> <!-- testJSalert -->
        <test-method status="PASS" signature="tearDown()[pri:0, instance:com.webdrivertest.tests.JavaScriptAlertPageTest@46c00568]" name="tearDown" is-config="true" duration-ms="74" started-at="2021-03-27T23:18:40 EDT" finished-at="2021-03-27T23:18:41 EDT">
          <reporter-output>
          </reporter-output>
        </test-method> <!-- tearDown -->
        <test-method status="PASS" signature="setUp()[pri:0, instance:com.webdrivertest.tests.JavaScriptAlertPageTest@46c00568]" name="setUp" is-config="true" duration-ms="932" started-at="2021-03-27T23:18:41 EDT" finished-at="2021-03-27T23:18:41 EDT">
          <reporter-output>
          </reporter-output>
        </test-method> <!-- setUp -->
        <test-method status="PASS" signature="testJSConfirm()[pri:2, instance:com.webdrivertest.tests.JavaScriptAlertPageTest@46c00568]" name="testJSConfirm" duration-ms="57" started-at="2021-03-27T23:18:41 EDT" description="JS Alert Comfirm" finished-at="2021-03-27T23:18:42 EDT">
          <reporter-output>
          </reporter-output>
        </test-method> <!-- testJSConfirm -->
        <test-method status="PASS" signature="tearDown()[pri:0, instance:com.webdrivertest.tests.JavaScriptAlertPageTest@46c00568]" name="tearDown" is-config="true" duration-ms="75" started-at="2021-03-27T23:18:42 EDT" finished-at="2021-03-27T23:18:42 EDT">
          <reporter-output>
          </reporter-output>
        </test-method> <!-- tearDown -->
        <test-method status="PASS" signature="setUp()[pri:0, instance:com.webdrivertest.tests.JavaScriptAlertPageTest@46c00568]" name="setUp" is-config="true" duration-ms="926" started-at="2021-03-27T23:18:42 EDT" finished-at="2021-03-27T23:18:43 EDT">
          <reporter-output>
          </reporter-output>
        </test-method> <!-- setUp -->
        <test-method status="PASS" signature="testJSPrompt()[pri:3, instance:com.webdrivertest.tests.JavaScriptAlertPageTest@46c00568]" name="testJSPrompt" duration-ms="64" started-at="2021-03-27T23:18:43 EDT" description="JS Alert Prompt" finished-at="2021-03-27T23:18:43 EDT">
          <reporter-output>
          </reporter-output>
        </test-method> <!-- testJSPrompt -->
        <test-method status="PASS" signature="tearDown()[pri:0, instance:com.webdrivertest.tests.JavaScriptAlertPageTest@46c00568]" name="tearDown" is-config="true" duration-ms="74" started-at="2021-03-27T23:18:43 EDT" finished-at="2021-03-27T23:18:43 EDT">
          <reporter-output>
          </reporter-output>
        </test-method> <!-- tearDown -->
      </class> <!-- com.webdrivertest.tests.JavaScriptAlertPageTest -->
    </test> <!-- Test -->
  </suite> <!-- Suite -->
</testng-results>
